<?xml version="1.0" encoding="UTF-8"?>
<!-- Generated by org.testng.reporters.JUnitReportReporter -->
<testsuite hostname="AhmadShahwaiz" failures="0" tests="1" name="testclasses.NewTest" time="65.805" errors="0" timestamp="2021-03-06T21:41:52 PKT" skipped="0">
  <testcase classname="testclasses.NewTest" name="load_Homepage_Http" time="65.805"/>
  <system-out/>
</testsuite> <!-- testclasses.NewTest -->
