<?xml version="1.0" encoding="UTF-8"?>
<!-- Generated by org.testng.reporters.JUnitReportReporter -->
<testsuite hostname="AhmadShahwaiz" failures="0" tests="1" name="testclasses.ChangeLanguage_TestClass" time="40.068" errors="0" timestamp="2021-03-07T14:08:59 PKT" skipped="0">
  <testcase classname="testclasses.ChangeLanguage_TestClass" name="englishToArabic" time="40.068"/>
  <system-out/>
</testsuite> <!-- testclasses.ChangeLanguage_TestClass -->
